<?xml version="1.0" encoding="UTF-8"?>
<!-- Generated by org.testng.reporters.JUnitReportReporter -->
<testsuite hostname="ATMECSINLT-028" failures="0" tests="2" name="com.atmecs.assignment.testscript.TestScript" time="11.010" errors="0" timestamp="2019-11-15T19:57:37 IST" skipped="0">
  <testcase classname="com.atmecs.assignment.testscript.TestScript" name="productValidation" time="8.869"/>
  <testcase classname="com.atmecs.assignment.testscript.TestScript" name="PageRedirection" time="2.141"/>
</testsuite> <!-- com.atmecs.assignment.testscript.TestScript -->
