<?xml version="1.0" encoding="UTF-8"?>
<!-- Generated by org.testng.reporters.JUnitReportReporter -->
<testsuite hostname="ATMECSINLT-028" failures="0" tests="2" name="com.atmecs.heatclinic.testscript.HeatClinic" time="40.416" errors="0" timestamp="2019-11-18T19:39:24 IST" skipped="0">
  <testcase classname="com.atmecs.heatclinic.testscript.HeatClinic" name="productValidation" time="9.318"/>
  <testcase classname="com.atmecs.heatclinic.testscript.HeatClinic" name="PageRedirection" time="31.098"/>
</testsuite> <!-- com.atmecs.heatclinic.testscript.HeatClinic -->
