<?xml version="1.0" encoding="UTF-8"?>
<!-- Generated by org.testng.reporters.JUnitReportReporter -->
<testsuite hostname="ATMECSINLT-028" failures="0" tests="2" name="com.atmecs.assignment.testscript.TestScript" time="15.634" errors="0" timestamp="2019-11-11T17:45:43 IST" skipped="0">
  <testcase classname="com.atmecs.assignment.testscript.TestScript" name="PageRedirection" time="6.156"/>
  <testcase classname="com.atmecs.assignment.testscript.TestScript" name="productValidation" time="9.478"/>
</testsuite> <!-- com.atmecs.assignment.testscript.TestScript -->
