<?xml version="1.0" encoding="UTF-8"?>
<!-- Generated by org.testng.reporters.JUnitReportReporter -->
<testsuite hostname="ATMECSINLT-028" failures="0" tests="4" name="com.atmecs.ninjastore.testscript.NinjaStore" time="19.310" errors="0" timestamp="2019-11-18T19:35:14 IST" skipped="0">
  <testcase classname="com.atmecs.ninjastore.testscript.NinjaStore" name="homePageValidation" time="0.300"/>
  <testcase classname="com.atmecs.ninjastore.testscript.NinjaStore" name="productValidation" time="7.256"/>
  <testcase classname="com.atmecs.ninjastore.testscript.NinjaStore" name="productValidation" time="8.324"/>
  <testcase classname="com.atmecs.ninjastore.testscript.NinjaStore" name="ProductDetails" time="3.430"/>
</testsuite> <!-- com.atmecs.ninjastore.testscript.NinjaStore -->
