<?xml version="1.0" encoding="UTF-8"?>
<!-- Generated by org.testng.reporters.JUnitReportReporter -->
<testsuite hostname="ATMECSINLT-028" failures="0" tests="1" name="com.atmecs.heatclinic.testscript.HeatClinic" time="38.653" errors="0" timestamp="2019-11-19T17:59:04 IST" skipped="0">
  <testcase classname="com.atmecs.heatclinic.testscript.HeatClinic" name="productValidation" time="38.653"/>
</testsuite> <!-- com.atmecs.heatclinic.testscript.HeatClinic -->
