<?xml version="1.0" encoding="UTF-8"?>
<!-- Generated by org.testng.reporters.JUnitReportReporter -->
<testsuite hostname="ATMECSINLT-028" failures="0" tests="1" name="com.atmecs.assignment.testscript2.TestScript2" time="1.733" errors="0" timestamp="2019-11-08T18:30:54 IST" skipped="0">
  <testcase classname="com.atmecs.assignment.testscript2.TestScript2" name="merchandiseMenu" time="1.733"/>
</testsuite> <!-- com.atmecs.assignment.testscript2.TestScript2 -->
