<?xml version="1.0" encoding="UTF-8"?>
<!-- Generated by org.testng.reporters.JUnitReportReporter -->
<testsuite hostname="ATMECSINLT-028" failures="0" tests="4" name="com.atmecs.ninjastore.testscript.NinjaStore" time="15.289" errors="0" timestamp="2019-11-19T17:59:04 IST" skipped="0">
  <testcase classname="com.atmecs.ninjastore.testscript.NinjaStore" name="homePageValidation" time="0.263"/>
  <testcase classname="com.atmecs.ninjastore.testscript.NinjaStore" name="productValidation" time="6.346"/>
  <testcase classname="com.atmecs.ninjastore.testscript.NinjaStore" name="productValidation" time="6.667"/>
  <testcase classname="com.atmecs.ninjastore.testscript.NinjaStore" name="ProductDetails" time="2.013"/>
</testsuite> <!-- com.atmecs.ninjastore.testscript.NinjaStore -->
